mode: set
github.com/quanluong166/friends_management/cmd/migrate/main.go:10.13,14.39 3 0
github.com/quanluong166/friends_management/cmd/migrate/main.go:14.39,16.3 1 0
github.com/quanluong166/friends_management/cmd/migrate/main.go:18.2,18.50 1 0
github.com/quanluong166/friends_management/cmd/server/main.go:14.13,23.2 8 0
github.com/quanluong166/friends_management/internal/config/app.go:29.46,30.48 1 0
github.com/quanluong166/friends_management/internal/config/app.go:30.48,32.3 1 0
github.com/quanluong166/friends_management/internal/config/app.go:33.2,33.21 1 0
github.com/quanluong166/friends_management/internal/config/app.go:36.30,47.2 1 0
github.com/quanluong166/friends_management/internal/config/app.go:49.37,60.2 1 0
github.com/quanluong166/friends_management/internal/routes/user_relationship.go:8.97,15.2 6 0
github.com/quanluong166/friends_management/internal/db/init.go:19.43,28.16 3 0
github.com/quanluong166/friends_management/internal/db/init.go:28.16,30.3 1 0
github.com/quanluong166/friends_management/internal/db/init.go:32.2,33.16 2 0
github.com/quanluong166/friends_management/internal/db/init.go:33.16,35.3 1 0
github.com/quanluong166/friends_management/internal/db/init.go:37.2,43.66 5 0
github.com/quanluong166/friends_management/internal/db/init.go:43.66,45.3 1 0
github.com/quanluong166/friends_management/internal/db/init.go:46.2,46.11 1 0
github.com/quanluong166/friends_management/internal/db/init.go:49.42,50.38 1 0
github.com/quanluong166/friends_management/internal/db/init.go:50.38,52.3 1 0
github.com/quanluong166/friends_management/internal/db/init.go:53.2,53.17 1 0
github.com/quanluong166/friends_management/internal/db/init.go:56.24,137.35 2 0
github.com/quanluong166/friends_management/internal/db/init.go:137.35,138.48 1 0
github.com/quanluong166/friends_management/internal/db/init.go:138.48,141.4 2 0
github.com/quanluong166/friends_management/internal/db/init.go:143.2,143.12 1 0
github.com/quanluong166/friends_management/pkg/utils/array.go:3.47,5.27 2 0
github.com/quanluong166/friends_management/pkg/utils/array.go:5.27,7.3 1 0
github.com/quanluong166/friends_management/pkg/utils/array.go:9.2,10.27 2 0
github.com/quanluong166/friends_management/pkg/utils/array.go:10.27,11.18 1 0
github.com/quanluong166/friends_management/pkg/utils/array.go:11.18,13.4 1 0
github.com/quanluong166/friends_management/pkg/utils/array.go:16.2,16.15 1 0
github.com/quanluong166/friends_management/pkg/utils/array.go:19.56,20.24 1 0
github.com/quanluong166/friends_management/pkg/utils/array.go:20.24,21.15 1 0
github.com/quanluong166/friends_management/pkg/utils/array.go:21.15,23.4 1 0
github.com/quanluong166/friends_management/pkg/utils/array.go:25.2,25.18 1 0
github.com/quanluong166/friends_management/pkg/utils/array.go:28.65,30.27 2 0
github.com/quanluong166/friends_management/pkg/utils/array.go:30.27,32.3 1 0
github.com/quanluong166/friends_management/pkg/utils/array.go:34.2,35.27 2 0
github.com/quanluong166/friends_management/pkg/utils/array.go:35.27,36.19 1 0
github.com/quanluong166/friends_management/pkg/utils/array.go:36.19,38.4 1 0
github.com/quanluong166/friends_management/pkg/utils/array.go:41.2,41.15 1 0
github.com/quanluong166/friends_management/pkg/utils/array.go:45.40,50.27 3 0
github.com/quanluong166/friends_management/pkg/utils/array.go:50.27,52.3 1 0
github.com/quanluong166/friends_management/pkg/utils/array.go:54.2,54.15 1 0
github.com/quanluong166/friends_management/pkg/utils/email.go:5.38,9.2 3 0
github.com/quanluong166/friends_management/pkg/utils/email.go:11.39,14.20 3 0
github.com/quanluong166/friends_management/pkg/utils/email.go:14.20,16.3 1 0
github.com/quanluong166/friends_management/pkg/utils/email.go:17.2,17.16 1 0
github.com/quanluong166/friends_management/pkg/helper/test_helper.go:14.41,21.16 4 0
github.com/quanluong166/friends_management/pkg/helper/test_helper.go:21.16,23.3 1 0
github.com/quanluong166/friends_management/pkg/helper/test_helper.go:25.2,25.66 1 0
github.com/quanluong166/friends_management/pkg/helper/test_helper.go:25.66,27.3 1 0
github.com/quanluong166/friends_management/pkg/helper/test_helper.go:28.2,28.11 1 0
github.com/quanluong166/friends_management/internal/controller/init.go:12.105,16.2 1 0
github.com/quanluong166/friends_management/internal/controller/user_relationship.go:25.120,30.2 1 1
github.com/quanluong166/friends_management/internal/controller/user_relationship.go:32.82,34.16 2 1
github.com/quanluong166/friends_management/internal/controller/user_relationship.go:34.16,36.3 1 1
github.com/quanluong166/friends_management/internal/controller/user_relationship.go:38.2,38.13 1 1
github.com/quanluong166/friends_management/internal/controller/user_relationship.go:38.13,40.3 1 1
github.com/quanluong166/friends_management/internal/controller/user_relationship.go:42.2,43.16 2 1
github.com/quanluong166/friends_management/internal/controller/user_relationship.go:43.16,45.3 1 0
github.com/quanluong166/friends_management/internal/controller/user_relationship.go:47.2,47.14 1 1
github.com/quanluong166/friends_management/internal/controller/user_relationship.go:47.14,49.3 1 1
github.com/quanluong166/friends_management/internal/controller/user_relationship.go:51.2,51.51 1 1
github.com/quanluong166/friends_management/internal/controller/user_relationship.go:51.51,53.17 2 1
github.com/quanluong166/friends_management/internal/controller/user_relationship.go:53.17,55.4 1 1
github.com/quanluong166/friends_management/internal/controller/user_relationship.go:56.3,56.13 1 1
github.com/quanluong166/friends_management/internal/controller/user_relationship.go:60.94,62.16 2 1
github.com/quanluong166/friends_management/internal/controller/user_relationship.go:62.16,64.3 1 1
github.com/quanluong166/friends_management/internal/controller/user_relationship.go:65.2,65.50 1 1
github.com/quanluong166/friends_management/internal/controller/user_relationship.go:68.105,70.16 2 1
github.com/quanluong166/friends_management/internal/controller/user_relationship.go:70.16,72.3 1 1
github.com/quanluong166/friends_management/internal/controller/user_relationship.go:74.2,74.13 1 1
github.com/quanluong166/friends_management/internal/controller/user_relationship.go:74.13,76.3 1 1
github.com/quanluong166/friends_management/internal/controller/user_relationship.go:78.2,79.16 2 1
github.com/quanluong166/friends_management/internal/controller/user_relationship.go:79.16,81.3 1 0
github.com/quanluong166/friends_management/internal/controller/user_relationship.go:83.2,84.16 2 1
github.com/quanluong166/friends_management/internal/controller/user_relationship.go:84.16,86.3 1 0
github.com/quanluong166/friends_management/internal/controller/user_relationship.go:88.2,89.54 2 1
github.com/quanluong166/friends_management/internal/controller/user_relationship.go:92.85,95.49 2 1
github.com/quanluong166/friends_management/internal/controller/user_relationship.go:95.49,97.3 1 1
github.com/quanluong166/friends_management/internal/controller/user_relationship.go:99.2,99.17 1 1
github.com/quanluong166/friends_management/internal/controller/user_relationship.go:99.17,101.3 1 1
github.com/quanluong166/friends_management/internal/controller/user_relationship.go:104.2,105.16 2 1
github.com/quanluong166/friends_management/internal/controller/user_relationship.go:105.16,107.3 1 0
github.com/quanluong166/friends_management/internal/controller/user_relationship.go:109.2,109.13 1 1
github.com/quanluong166/friends_management/internal/controller/user_relationship.go:109.13,111.3 1 1
github.com/quanluong166/friends_management/internal/controller/user_relationship.go:113.2,113.65 1 1
github.com/quanluong166/friends_management/internal/controller/user_relationship.go:117.80,118.51 1 1
github.com/quanluong166/friends_management/internal/controller/user_relationship.go:118.51,120.17 2 1
github.com/quanluong166/friends_management/internal/controller/user_relationship.go:120.17,122.4 1 1
github.com/quanluong166/friends_management/internal/controller/user_relationship.go:124.3,125.17 2 1
github.com/quanluong166/friends_management/internal/controller/user_relationship.go:125.17,127.4 1 1
github.com/quanluong166/friends_management/internal/controller/user_relationship.go:128.3,128.13 1 1
github.com/quanluong166/friends_management/internal/controller/user_relationship.go:132.113,134.16 2 1
github.com/quanluong166/friends_management/internal/controller/user_relationship.go:134.16,136.3 1 1
github.com/quanluong166/friends_management/internal/controller/user_relationship.go:138.2,139.16 2 1
github.com/quanluong166/friends_management/internal/controller/user_relationship.go:139.16,141.3 1 0
github.com/quanluong166/friends_management/internal/controller/user_relationship.go:143.2,143.20 1 1
github.com/quanluong166/friends_management/internal/controller/user_relationship.go:143.20,145.3 1 0
github.com/quanluong166/friends_management/internal/controller/user_relationship.go:148.2,149.70 2 1
github.com/quanluong166/friends_management/internal/repository/init.go:9.44,13.2 1 0
github.com/quanluong166/friends_management/internal/repository/user_relationship.go:29.76,31.2 1 1
github.com/quanluong166/friends_management/internal/repository/user_relationship.go:33.105,43.59 2 1
github.com/quanluong166/friends_management/internal/repository/user_relationship.go:43.59,45.3 1 1
github.com/quanluong166/friends_management/internal/repository/user_relationship.go:48.2,55.60 2 1
github.com/quanluong166/friends_management/internal/repository/user_relationship.go:55.60,57.3 1 1
github.com/quanluong166/friends_management/internal/repository/user_relationship.go:58.2,58.12 1 1
github.com/quanluong166/friends_management/internal/repository/user_relationship.go:62.94,65.16 3 1
github.com/quanluong166/friends_management/internal/repository/user_relationship.go:65.16,67.3 1 1
github.com/quanluong166/friends_management/internal/repository/user_relationship.go:69.2,70.45 2 1
github.com/quanluong166/friends_management/internal/repository/user_relationship.go:70.45,72.3 1 1
github.com/quanluong166/friends_management/internal/repository/user_relationship.go:74.2,74.30 1 1
github.com/quanluong166/friends_management/internal/repository/user_relationship.go:77.97,80.16 3 1
github.com/quanluong166/friends_management/internal/repository/user_relationship.go:80.16,82.3 1 0
github.com/quanluong166/friends_management/internal/repository/user_relationship.go:84.2,85.45 2 1
github.com/quanluong166/friends_management/internal/repository/user_relationship.go:85.45,87.3 1 1
github.com/quanluong166/friends_management/internal/repository/user_relationship.go:89.2,89.30 1 1
github.com/quanluong166/friends_management/internal/repository/user_relationship.go:92.105,99.16 3 1
github.com/quanluong166/friends_management/internal/repository/user_relationship.go:99.16,101.3 1 0
github.com/quanluong166/friends_management/internal/repository/user_relationship.go:103.2,103.28 1 1
github.com/quanluong166/friends_management/internal/repository/user_relationship.go:103.28,105.3 1 1
github.com/quanluong166/friends_management/internal/repository/user_relationship.go:106.2,106.19 1 0
github.com/quanluong166/friends_management/internal/repository/user_relationship.go:109.99,113.16 3 1
github.com/quanluong166/friends_management/internal/repository/user_relationship.go:113.16,115.3 1 0
github.com/quanluong166/friends_management/internal/repository/user_relationship.go:117.2,117.28 1 1
github.com/quanluong166/friends_management/internal/repository/user_relationship.go:117.28,119.3 1 1
github.com/quanluong166/friends_management/internal/repository/user_relationship.go:120.2,120.19 1 0
github.com/quanluong166/friends_management/internal/repository/user_relationship.go:123.86,130.16 2 1
github.com/quanluong166/friends_management/internal/repository/user_relationship.go:130.16,132.3 1 0
github.com/quanluong166/friends_management/internal/repository/user_relationship.go:133.2,133.12 1 1
github.com/quanluong166/friends_management/internal/repository/user_relationship.go:136.84,145.56 2 1
github.com/quanluong166/friends_management/internal/repository/user_relationship.go:145.56,147.3 1 0
github.com/quanluong166/friends_management/internal/repository/user_relationship.go:148.2,148.12 1 1
github.com/quanluong166/friends_management/internal/repository/user_relationship.go:151.94,160.49 2 1
github.com/quanluong166/friends_management/internal/repository/user_relationship.go:160.49,162.3 1 0
github.com/quanluong166/friends_management/internal/repository/user_relationship.go:163.2,163.12 1 1
github.com/quanluong166/friends_management/internal/repository/user_relationship.go:166.114,170.16 3 1
github.com/quanluong166/friends_management/internal/repository/user_relationship.go:170.16,172.3 1 0
github.com/quanluong166/friends_management/internal/repository/user_relationship.go:174.2,174.25 1 1
github.com/quanluong166/friends_management/internal/repository/user_relationship.go:174.25,176.3 1 1
github.com/quanluong166/friends_management/internal/repository/user_relationship.go:178.2,178.19 1 0
github.com/quanluong166/friends_management/internal/repository/user_relationship.go:181.102,183.16 2 1
github.com/quanluong166/friends_management/internal/repository/user_relationship.go:183.16,185.3 1 1
github.com/quanluong166/friends_management/internal/repository/user_relationship.go:187.2,188.16 2 1
github.com/quanluong166/friends_management/internal/repository/user_relationship.go:188.16,190.3 1 1
github.com/quanluong166/friends_management/internal/repository/user_relationship.go:191.2,191.12 1 1
github.com/quanluong166/friends_management/internal/handler/init.go:12.92,16.2 1 0
github.com/quanluong166/friends_management/internal/handler/user_relationship.go:15.104,17.2 1 0
github.com/quanluong166/friends_management/internal/handler/user_relationship.go:19.68,21.37 2 1
github.com/quanluong166/friends_management/internal/handler/user_relationship.go:21.37,26.3 1 0
github.com/quanluong166/friends_management/internal/handler/user_relationship.go:28.2,28.36 1 1
github.com/quanluong166/friends_management/internal/handler/user_relationship.go:28.36,30.15 2 1
github.com/quanluong166/friends_management/internal/handler/user_relationship.go:30.15,35.4 1 0
github.com/quanluong166/friends_management/internal/handler/user_relationship.go:38.2,38.26 1 1
github.com/quanluong166/friends_management/internal/handler/user_relationship.go:38.26,43.3 1 1
github.com/quanluong166/friends_management/internal/handler/user_relationship.go:45.2,46.16 2 1
github.com/quanluong166/friends_management/internal/handler/user_relationship.go:46.16,51.3 1 1
github.com/quanluong166/friends_management/internal/handler/user_relationship.go:53.2,53.55 1 1
github.com/quanluong166/friends_management/internal/handler/user_relationship.go:56.69,58.37 2 1
github.com/quanluong166/friends_management/internal/handler/user_relationship.go:58.37,63.3 1 0
github.com/quanluong166/friends_management/internal/handler/user_relationship.go:65.2,66.14 2 1
github.com/quanluong166/friends_management/internal/handler/user_relationship.go:66.14,71.3 1 0
github.com/quanluong166/friends_management/internal/handler/user_relationship.go:73.2,74.16 2 1
github.com/quanluong166/friends_management/internal/handler/user_relationship.go:74.16,79.3 1 1
github.com/quanluong166/friends_management/internal/handler/user_relationship.go:81.2,81.96 1 1
github.com/quanluong166/friends_management/internal/handler/user_relationship.go:84.76,86.37 2 1
github.com/quanluong166/friends_management/internal/handler/user_relationship.go:86.37,91.3 1 0
github.com/quanluong166/friends_management/internal/handler/user_relationship.go:93.2,93.26 1 1
github.com/quanluong166/friends_management/internal/handler/user_relationship.go:93.26,98.3 1 1
github.com/quanluong166/friends_management/internal/handler/user_relationship.go:100.2,101.16 2 1
github.com/quanluong166/friends_management/internal/handler/user_relationship.go:101.16,106.3 1 1
github.com/quanluong166/friends_management/internal/handler/user_relationship.go:107.2,107.109 1 1
github.com/quanluong166/friends_management/internal/handler/user_relationship.go:110.72,112.37 2 1
github.com/quanluong166/friends_management/internal/handler/user_relationship.go:112.37,117.3 1 0
github.com/quanluong166/friends_management/internal/handler/user_relationship.go:119.2,119.53 1 1
github.com/quanluong166/friends_management/internal/handler/user_relationship.go:119.53,124.3 1 1
github.com/quanluong166/friends_management/internal/handler/user_relationship.go:126.2,126.75 1 1
github.com/quanluong166/friends_management/internal/handler/user_relationship.go:126.75,131.3 1 0
github.com/quanluong166/friends_management/internal/handler/user_relationship.go:133.2,134.16 2 1
github.com/quanluong166/friends_management/internal/handler/user_relationship.go:134.16,139.3 1 0
github.com/quanluong166/friends_management/internal/handler/user_relationship.go:141.2,141.55 1 1
github.com/quanluong166/friends_management/internal/handler/user_relationship.go:144.67,146.37 2 1
github.com/quanluong166/friends_management/internal/handler/user_relationship.go:146.37,151.3 1 0
github.com/quanluong166/friends_management/internal/handler/user_relationship.go:153.2,153.53 1 1
github.com/quanluong166/friends_management/internal/handler/user_relationship.go:153.53,158.3 1 1
github.com/quanluong166/friends_management/internal/handler/user_relationship.go:160.2,160.75 1 1
github.com/quanluong166/friends_management/internal/handler/user_relationship.go:160.75,165.3 1 0
github.com/quanluong166/friends_management/internal/handler/user_relationship.go:167.2,168.16 2 1
github.com/quanluong166/friends_management/internal/handler/user_relationship.go:168.16,173.3 1 1
github.com/quanluong166/friends_management/internal/handler/user_relationship.go:175.2,175.55 1 1
github.com/quanluong166/friends_management/internal/handler/user_relationship.go:178.87,180.37 2 1
github.com/quanluong166/friends_management/internal/handler/user_relationship.go:180.37,185.3 1 0
github.com/quanluong166/friends_management/internal/handler/user_relationship.go:187.2,187.26 1 1
github.com/quanluong166/friends_management/internal/handler/user_relationship.go:187.26,192.3 1 1
github.com/quanluong166/friends_management/internal/handler/user_relationship.go:194.2,194.37 1 1
github.com/quanluong166/friends_management/internal/handler/user_relationship.go:194.37,199.3 1 0
github.com/quanluong166/friends_management/internal/handler/user_relationship.go:201.2,202.16 2 1
github.com/quanluong166/friends_management/internal/handler/user_relationship.go:202.16,207.3 1 1
github.com/quanluong166/friends_management/internal/handler/user_relationship.go:209.2,209.101 1 1
