mode: set
friendsManagement/internal/db/init.go:17.24,30.16 3 0
friendsManagement/internal/db/init.go:30.16,32.3 1 0
friendsManagement/internal/db/init.go:34.2,35.16 2 0
friendsManagement/internal/db/init.go:35.16,37.3 1 0
friendsManagement/internal/db/init.go:39.2,45.66 5 0
friendsManagement/internal/db/init.go:45.66,47.3 1 0
friendsManagement/internal/db/init.go:48.2,48.11 1 0
friendsManagement/internal/db/init.go:51.42,52.38 1 0
friendsManagement/internal/db/init.go:52.38,54.3 1 0
friendsManagement/internal/db/init.go:55.2,55.17 1 0
friendsManagement/internal/repository/init.go:9.44,13.2 1 0
friendsManagement/internal/repository/user_relationship.go:29.76,31.2 1 0
friendsManagement/internal/repository/user_relationship.go:33.105,34.50 1 0
friendsManagement/internal/repository/user_relationship.go:34.50,43.60 2 0
friendsManagement/internal/repository/user_relationship.go:43.60,45.4 1 0
friendsManagement/internal/repository/user_relationship.go:48.3,55.61 2 0
friendsManagement/internal/repository/user_relationship.go:55.61,57.4 1 0
friendsManagement/internal/repository/user_relationship.go:59.3,59.43 1 0
friendsManagement/internal/repository/user_relationship.go:59.43,61.4 1 0
friendsManagement/internal/repository/user_relationship.go:62.3,62.13 1 0
friendsManagement/internal/repository/user_relationship.go:66.89,69.16 3 0
friendsManagement/internal/repository/user_relationship.go:69.16,71.3 1 0
friendsManagement/internal/repository/user_relationship.go:73.2,74.45 2 0
friendsManagement/internal/repository/user_relationship.go:74.45,76.3 1 0
friendsManagement/internal/repository/user_relationship.go:78.2,78.25 1 0
friendsManagement/internal/repository/user_relationship.go:81.94,84.16 3 0
friendsManagement/internal/repository/user_relationship.go:84.16,86.3 1 0
friendsManagement/internal/repository/user_relationship.go:88.2,89.45 2 0
friendsManagement/internal/repository/user_relationship.go:89.45,91.3 1 0
friendsManagement/internal/repository/user_relationship.go:93.2,93.30 1 0
friendsManagement/internal/repository/user_relationship.go:96.97,99.16 3 0
friendsManagement/internal/repository/user_relationship.go:99.16,101.3 1 0
friendsManagement/internal/repository/user_relationship.go:103.2,104.45 2 0
friendsManagement/internal/repository/user_relationship.go:104.45,106.3 1 0
friendsManagement/internal/repository/user_relationship.go:108.2,108.30 1 0
friendsManagement/internal/repository/user_relationship.go:111.105,118.16 3 0
friendsManagement/internal/repository/user_relationship.go:118.16,120.3 1 0
friendsManagement/internal/repository/user_relationship.go:122.2,122.28 1 0
friendsManagement/internal/repository/user_relationship.go:122.28,124.3 1 0
friendsManagement/internal/repository/user_relationship.go:125.2,125.19 1 0
friendsManagement/internal/repository/user_relationship.go:128.99,132.16 3 0
friendsManagement/internal/repository/user_relationship.go:132.16,134.3 1 0
friendsManagement/internal/repository/user_relationship.go:136.2,136.28 1 0
friendsManagement/internal/repository/user_relationship.go:136.28,138.3 1 0
friendsManagement/internal/repository/user_relationship.go:139.2,139.19 1 0
friendsManagement/internal/repository/user_relationship.go:142.86,149.16 2 0
friendsManagement/internal/repository/user_relationship.go:149.16,151.3 1 0
friendsManagement/internal/repository/user_relationship.go:152.2,152.12 1 0
friendsManagement/internal/repository/user_relationship.go:155.84,164.56 2 0
friendsManagement/internal/repository/user_relationship.go:164.56,166.3 1 0
friendsManagement/internal/repository/user_relationship.go:167.2,167.12 1 0
friendsManagement/internal/repository/user_relationship.go:170.94,179.49 2 0
friendsManagement/internal/repository/user_relationship.go:179.49,181.3 1 0
friendsManagement/internal/repository/user_relationship.go:182.2,182.12 1 0
friendsManagement/internal/repository/user_relationship.go:185.100,189.16 3 0
friendsManagement/internal/repository/user_relationship.go:189.16,191.3 1 0
friendsManagement/internal/repository/user_relationship.go:193.2,193.31 1 0
friendsManagement/internal/repository/user_relationship.go:196.102,197.50 1 0
friendsManagement/internal/repository/user_relationship.go:197.50,199.17 2 0
friendsManagement/internal/repository/user_relationship.go:199.17,202.4 2 0
friendsManagement/internal/repository/user_relationship.go:204.3,205.17 2 0
friendsManagement/internal/repository/user_relationship.go:205.17,208.4 2 0
friendsManagement/internal/repository/user_relationship.go:211.3,211.43 1 0
friendsManagement/internal/repository/user_relationship.go:211.43,213.4 1 0
friendsManagement/internal/repository/user_relationship.go:214.3,214.13 1 0
friendsManagement/internal/routes/user_relationship.go:9.103,16.2 6 0
friendsManagement/internal/utils/array.go:3.47,5.27 2 0
friendsManagement/internal/utils/array.go:5.27,7.3 1 0
friendsManagement/internal/utils/array.go:9.2,10.27 2 0
friendsManagement/internal/utils/array.go:10.27,11.18 1 0
friendsManagement/internal/utils/array.go:11.18,13.4 1 0
friendsManagement/internal/utils/array.go:16.2,16.15 1 0
friendsManagement/internal/utils/array.go:19.56,20.24 1 0
friendsManagement/internal/utils/array.go:20.24,21.15 1 0
friendsManagement/internal/utils/array.go:21.15,23.4 1 0
friendsManagement/internal/utils/array.go:25.2,25.18 1 0
friendsManagement/internal/utils/array.go:28.65,30.27 2 0
friendsManagement/internal/utils/array.go:30.27,32.3 1 0
friendsManagement/internal/utils/array.go:34.2,35.27 2 0
friendsManagement/internal/utils/array.go:35.27,36.19 1 0
friendsManagement/internal/utils/array.go:36.19,38.4 1 0
friendsManagement/internal/utils/array.go:41.2,41.15 1 0
friendsManagement/internal/utils/array.go:44.40,52.27 3 0
friendsManagement/internal/utils/array.go:52.27,54.3 1 0
friendsManagement/internal/utils/array.go:56.2,56.15 1 0
friendsManagement/internal/utils/string.go:5.39,8.20 3 0
friendsManagement/internal/utils/string.go:8.20,10.3 1 0
friendsManagement/internal/utils/string.go:11.2,11.16 1 0
friendsManagement/internal/usecase/init.go:14.99,18.2 1 0
friendsManagement/internal/usecase/user_relationship.go:26.115,31.2 1 0
friendsManagement/internal/usecase/user_relationship.go:33.79,35.16 2 0
friendsManagement/internal/usecase/user_relationship.go:35.16,37.3 1 0
friendsManagement/internal/usecase/user_relationship.go:39.2,39.13 1 0
friendsManagement/internal/usecase/user_relationship.go:39.13,41.3 1 0
friendsManagement/internal/usecase/user_relationship.go:43.2,44.16 2 0
friendsManagement/internal/usecase/user_relationship.go:44.16,46.3 1 0
friendsManagement/internal/usecase/user_relationship.go:48.2,48.14 1 0
friendsManagement/internal/usecase/user_relationship.go:48.14,50.3 1 0
friendsManagement/internal/usecase/user_relationship.go:52.2,52.51 1 0
friendsManagement/internal/usecase/user_relationship.go:52.51,54.3 1 0
friendsManagement/internal/usecase/user_relationship.go:57.91,59.16 2 0
friendsManagement/internal/usecase/user_relationship.go:59.16,61.3 1 0
friendsManagement/internal/usecase/user_relationship.go:62.2,62.50 1 0
friendsManagement/internal/usecase/user_relationship.go:65.102,67.16 2 0
friendsManagement/internal/usecase/user_relationship.go:67.16,69.3 1 0
friendsManagement/internal/usecase/user_relationship.go:71.2,71.13 1 0
friendsManagement/internal/usecase/user_relationship.go:71.13,73.3 1 0
friendsManagement/internal/usecase/user_relationship.go:75.2,76.16 2 0
friendsManagement/internal/usecase/user_relationship.go:76.16,78.3 1 0
friendsManagement/internal/usecase/user_relationship.go:80.2,81.16 2 0
friendsManagement/internal/usecase/user_relationship.go:81.16,83.3 1 0
friendsManagement/internal/usecase/user_relationship.go:85.2,86.54 2 0
friendsManagement/internal/usecase/user_relationship.go:89.82,92.49 2 0
friendsManagement/internal/usecase/user_relationship.go:92.49,94.3 1 0
friendsManagement/internal/usecase/user_relationship.go:96.2,96.52 1 0
friendsManagement/internal/usecase/user_relationship.go:96.52,98.3 1 0
friendsManagement/internal/usecase/user_relationship.go:101.2,102.16 2 0
friendsManagement/internal/usecase/user_relationship.go:102.16,104.3 1 0
friendsManagement/internal/usecase/user_relationship.go:106.2,106.13 1 0
friendsManagement/internal/usecase/user_relationship.go:106.13,108.3 1 0
friendsManagement/internal/usecase/user_relationship.go:110.2,110.65 1 0
friendsManagement/internal/usecase/user_relationship.go:114.77,115.51 1 0
friendsManagement/internal/usecase/user_relationship.go:115.51,117.17 2 0
friendsManagement/internal/usecase/user_relationship.go:117.17,119.4 1 0
friendsManagement/internal/usecase/user_relationship.go:121.3,122.17 2 0
friendsManagement/internal/usecase/user_relationship.go:122.17,124.4 1 0
friendsManagement/internal/usecase/user_relationship.go:125.3,125.13 1 0
friendsManagement/internal/usecase/user_relationship.go:129.110,131.16 2 0
friendsManagement/internal/usecase/user_relationship.go:131.16,133.3 1 0
friendsManagement/internal/usecase/user_relationship.go:135.2,136.16 2 0
friendsManagement/internal/usecase/user_relationship.go:136.16,138.3 1 0
friendsManagement/internal/usecase/user_relationship.go:140.2,140.20 1 0
friendsManagement/internal/usecase/user_relationship.go:140.20,142.3 1 0
friendsManagement/internal/usecase/user_relationship.go:145.2,146.70 2 0
friendsManagement/internal/services/init.go:12.83,16.2 1 0
friendsManagement/internal/services/user_relationship.go:14.90,16.2 1 0
friendsManagement/internal/services/user_relationship.go:18.68,20.37 2 1
friendsManagement/internal/services/user_relationship.go:20.37,25.3 1 0
friendsManagement/internal/services/user_relationship.go:27.2,27.26 1 1
friendsManagement/internal/services/user_relationship.go:27.26,32.3 1 1
friendsManagement/internal/services/user_relationship.go:34.2,35.16 2 1
friendsManagement/internal/services/user_relationship.go:35.16,40.3 1 1
friendsManagement/internal/services/user_relationship.go:42.2,42.55 1 1
friendsManagement/internal/services/user_relationship.go:45.69,47.37 2 1
friendsManagement/internal/services/user_relationship.go:47.37,52.3 1 0
friendsManagement/internal/services/user_relationship.go:54.2,55.16 2 1
friendsManagement/internal/services/user_relationship.go:55.16,60.3 1 1
friendsManagement/internal/services/user_relationship.go:62.2,62.96 1 1
friendsManagement/internal/services/user_relationship.go:65.76,67.37 2 1
friendsManagement/internal/services/user_relationship.go:67.37,72.3 1 0
friendsManagement/internal/services/user_relationship.go:74.2,74.26 1 1
friendsManagement/internal/services/user_relationship.go:74.26,79.3 1 1
friendsManagement/internal/services/user_relationship.go:81.2,82.16 2 1
friendsManagement/internal/services/user_relationship.go:82.16,87.3 1 1
friendsManagement/internal/services/user_relationship.go:88.2,88.109 1 1
friendsManagement/internal/services/user_relationship.go:91.72,93.37 2 1
friendsManagement/internal/services/user_relationship.go:93.37,98.3 1 0
friendsManagement/internal/services/user_relationship.go:100.2,100.53 1 1
friendsManagement/internal/services/user_relationship.go:100.53,105.3 1 1
friendsManagement/internal/services/user_relationship.go:107.2,108.16 2 1
friendsManagement/internal/services/user_relationship.go:108.16,113.3 1 0
friendsManagement/internal/services/user_relationship.go:115.2,115.55 1 1
friendsManagement/internal/services/user_relationship.go:118.67,120.37 2 1
friendsManagement/internal/services/user_relationship.go:120.37,125.3 1 0
friendsManagement/internal/services/user_relationship.go:127.2,127.53 1 1
friendsManagement/internal/services/user_relationship.go:127.53,132.3 1 1
friendsManagement/internal/services/user_relationship.go:134.2,135.16 2 1
friendsManagement/internal/services/user_relationship.go:135.16,140.3 1 1
friendsManagement/internal/services/user_relationship.go:142.2,142.55 1 1
friendsManagement/internal/services/user_relationship.go:145.87,147.37 2 1
friendsManagement/internal/services/user_relationship.go:147.37,152.3 1 0
friendsManagement/internal/services/user_relationship.go:154.2,154.26 1 1
friendsManagement/internal/services/user_relationship.go:154.26,159.3 1 1
friendsManagement/internal/services/user_relationship.go:161.2,162.16 2 1
friendsManagement/internal/services/user_relationship.go:162.16,167.3 1 1
friendsManagement/internal/services/user_relationship.go:169.2,169.101 1 1
